The system is: Windows - 10.0.19043 - AMD64
Compiling the C compiler identification source file "CMakeCCompilerId.c" succeeded.
Compiler: D:/VisualStudio/VC/Tools/MSVC/14.29.30133/bin/Hostx86/x86/cl.exe 
Build flags: 
Id flags:  

The output was:
0
用于 x86 的 Microsoft (R) C/C++ 优化编译器 19.29.30136 版
版权所有(C) Microsoft Corporation。保留所有权利。

CMakeCCompilerId.c
Microsoft (R) Incremental Linker Version 14.29.30136.0
Copyright (C) Microsoft Corporation.  All rights reserved.

/out:CMakeCCompilerId.exe 
CMakeCCompilerId.obj 


Compilation of the C compiler identification source "CMakeCCompilerId.c" produced "CMakeCCompilerId.exe"

Compilation of the C compiler identification source "CMakeCCompilerId.c" produced "CMakeCCompilerId.obj"

The C compiler identification is MSVC, found in "D:/Google go/ParrallelProgramming/cudnn_resnet/cmake-build-debug/CMakeFiles/3.20.2/CompilerIdC/CMakeCCompilerId.exe"

Compiling the CXX compiler identification source file "CMakeCXXCompilerId.cpp" succeeded.
Compiler: D:/VisualStudio/VC/Tools/MSVC/14.29.30133/bin/Hostx86/x86/cl.exe 
Build flags: 
Id flags:  

The output was:
0
用于 x86 的 Microsoft (R) C/C++ 优化编译器 19.29.30136 版
版权所有(C) Microsoft Corporation。保留所有权利。

CMakeCXXCompilerId.cpp
Microsoft (R) Incremental Linker Version 14.29.30136.0
Copyright (C) Microsoft Corporation.  All rights reserved.

/out:CMakeCXXCompilerId.exe 
CMakeCXXCompilerId.obj 


Compilation of the CXX compiler identification source "CMakeCXXCompilerId.cpp" produced "CMakeCXXCompilerId.exe"

Compilation of the CXX compiler identification source "CMakeCXXCompilerId.cpp" produced "CMakeCXXCompilerId.obj"

The CXX compiler identification is MSVC, found in "D:/Google go/ParrallelProgramming/cudnn_resnet/cmake-build-debug/CMakeFiles/3.20.2/CompilerIdCXX/CMakeCXXCompilerId.exe"

Determining if the C compiler works passed with the following output:
Change Dir: D:/Google go/ParrallelProgramming/cudnn_resnet/cmake-build-debug/CMakeFiles/CMakeTmp

Run Build Command(s):nmake -f Makefile /nologo cmTC_aaf45\fast && 	D:\VisualStudio\VC\Tools\MSVC\14.29.30133\bin\HostX86\x86\nmake.exe  -f CMakeFiles\cmTC_aaf45.dir\build.make /nologo -L                  CMakeFiles\cmTC_aaf45.dir\build
Building C object CMakeFiles/cmTC_aaf45.dir/testCCompiler.c.obj
	C:\Users\admin\AppData\Local\JetBrains\Toolbox\apps\CLion\ch-0\212.5284.51\bin\cmake\win\bin\cmake.exe -E cmake_cl_compile_depends --dep-file=CMakeFiles\cmTC_aaf45.dir\testCCompiler.c.obj.d --working-dir="D:\Google go\ParrallelProgramming\cudnn_resnet\cmake-build-debug\CMakeFiles\CMakeTmp" --filter-prefix="" -- D:\VisualStudio\VC\Tools\MSVC\14.29.30133\bin\Hostx86\x86\cl.exe @C:\Users\admin\AppData\Local\Temp\nmF88B.tmp
Linking C executable cmTC_aaf45.exe
	C:\Users\admin\AppData\Local\JetBrains\Toolbox\apps\CLion\ch-0\212.5284.51\bin\cmake\win\bin\cmake.exe -E vs_link_exe --intdir=CMakeFiles\cmTC_aaf45.dir --rc=C:\PROGRA~2\WI3CF2~1\10\bin\100190~1.0\x86\rc.exe --mt=C:\PROGRA~2\WI3CF2~1\10\bin\100190~1.0\x86\mt.exe --manifests -- D:\VisualStudio\VC\Tools\MSVC\14.29.30133\bin\Hostx86\x86\link.exe /nologo @CMakeFiles\cmTC_aaf45.dir\objects1.rsp @C:\Users\admin\AppData\Local\Temp\nmF995.tmp



Determining if the CXX compiler works passed with the following output:
Change Dir: D:/Google go/ParrallelProgramming/cudnn_resnet/cmake-build-debug/CMakeFiles/CMakeTmp

Run Build Command(s):nmake -f Makefile /nologo cmTC_133bd\fast && 	D:\VisualStudio\VC\Tools\MSVC\14.29.30133\bin\HostX86\x86\nmake.exe  -f CMakeFiles\cmTC_133bd.dir\build.make /nologo -L                  CMakeFiles\cmTC_133bd.dir\build
Building CXX object CMakeFiles/cmTC_133bd.dir/testCXXCompiler.cxx.obj
	C:\Users\admin\AppData\Local\JetBrains\Toolbox\apps\CLion\ch-0\212.5284.51\bin\cmake\win\bin\cmake.exe -E cmake_cl_compile_depends --dep-file=CMakeFiles\cmTC_133bd.dir\testCXXCompiler.cxx.obj.d --working-dir="D:\Google go\ParrallelProgramming\cudnn_resnet\cmake-build-debug\CMakeFiles\CMakeTmp" --filter-prefix="" -- D:\VisualStudio\VC\Tools\MSVC\14.29.30133\bin\Hostx86\x86\cl.exe @C:\Users\admin\AppData\Local\Temp\nm145.tmp
Linking CXX executable cmTC_133bd.exe
	C:\Users\admin\AppData\Local\JetBrains\Toolbox\apps\CLion\ch-0\212.5284.51\bin\cmake\win\bin\cmake.exe -E vs_link_exe --intdir=CMakeFiles\cmTC_133bd.dir --rc=C:\PROGRA~2\WI3CF2~1\10\bin\100190~1.0\x86\rc.exe --mt=C:\PROGRA~2\WI3CF2~1\10\bin\100190~1.0\x86\mt.exe --manifests -- D:\VisualStudio\VC\Tools\MSVC\14.29.30133\bin\Hostx86\x86\link.exe /nologo @CMakeFiles\cmTC_133bd.dir\objects1.rsp @C:\Users\admin\AppData\Local\Temp\nm2AD.tmp



